2026/05/27 02:57:37 [notice] 7#7: using the "epoll" event method
2026/05/27 02:57:37 [notice] 7#7: nginx/1.31.1
2026/05/27 02:57:37 [notice] 7#7: built by gcc 15.2.0 (Alpine 15.2.0) 
2026/05/27 02:57:37 [notice] 7#7: OS: Linux 6.6.114.1-microsoft-standard-WSL2
2026/05/27 02:57:37 [notice] 7#7: getrlimit(RLIMIT_NOFILE): 1024:1048576
2026/05/27 02:57:37 [notice] 8#8: start worker processes
2026/05/27 02:57:37 [notice] 8#8: start worker process 9
2026/05/27 02:57:37 [notice] 8#8: start worker process 10
2026/05/27 02:57:37 [notice] 8#8: start worker process 11
2026/05/27 02:57:37 [notice] 8#8: start worker process 12
2026/05/27 02:57:37 [notice] 8#8: start worker process 14
2026/05/27 02:57:37 [notice] 8#8: start worker process 15
2026/05/27 02:57:37 [notice] 8#8: start worker process 16
2026/05/27 02:57:37 [notice] 8#8: start worker process 17
2026/05/27 02:57:37 [notice] 8#8: start worker process 18
2026/05/27 02:57:37 [notice] 8#8: start worker process 19
2026/05/27 02:57:37 [notice] 8#8: start worker process 20
2026/05/27 02:57:37 [notice] 8#8: start worker process 21
2026/05/27 02:57:37 [notice] 8#8: start worker process 22
2026/05/27 02:57:37 [notice] 8#8: start worker process 23
2026/05/27 02:57:37 [notice] 8#8: start worker process 24
2026/05/27 02:57:37 [notice] 8#8: start worker process 25
[02:57:38] runner starting
  target=nginx action=nginx_curl_1 exp=nginx_nginx_curl_1_rep1_1779850656
  target_pid=8
  heap_range=(101270831841280, 101270832701440) (840 KiB)
[02:57:38] warmup 180s
[03:00:38] injecting action: nginx_curl_1
127.0.0.1 - - [27/May/2026:03:00:38 +0000] "GET / HTTP/1.1" 200 896 "-" "curl/8.19.0" "-"
[03:00:38] observation 180s
[03:03:38] DONE -> /data/nginx_nginx_curl_1_rep1_1779850656/
